
Configuring conda

no change     /home/lkemp/miniconda3/condabin/conda
no change     /home/lkemp/miniconda3/bin/conda
no change     /home/lkemp/miniconda3/bin/conda-env
no change     /home/lkemp/miniconda3/bin/activate
no change     /home/lkemp/miniconda3/bin/deactivate
no change     /home/lkemp/miniconda3/etc/profile.d/conda.sh
no change     /home/lkemp/miniconda3/etc/fish/conf.d/conda.fish
no change     /home/lkemp/miniconda3/shell/condabin/Conda.psm1
no change     /home/lkemp/miniconda3/shell/condabin/conda-hook.ps1
no change     /home/lkemp/miniconda3/lib/python3.7/site-packages/xontrib/conda.xsh
no change     /home/lkemp/miniconda3/etc/profile.d/conda.csh
no change     /home/lkemp/.bashrc
No action taken.

Creating conda environment with nextflow installed

Transaction

  Prefix: /home/lkemp/miniconda3/envs/smrnaseq_pipeline

  Updating specs:

   - nextflow=22.04.0


  Package                           Version  Build          Channel                    Size
─────────────────────────────────────────────────────────────────────────────────────────────
  Install:
─────────────────────────────────────────────────────────────────────────────────────────────

  + _libgcc_mutex                       0.1  conda_forge    conda-forge/linux-64     Cached
  + _openmp_mutex                       4.5  2_gnu          conda-forge/linux-64     Cached
  + alsa-lib                        1.2.6.1  h7f98852_0     conda-forge/linux-64     Cached
  + c-ares                           1.18.1  h7f98852_0     conda-forge/linux-64     Cached
  + ca-certificates               2022.6.15  ha878542_0     conda-forge/linux-64     Cached
  + cairo                            1.16.0  ha61ee94_1011  conda-forge/linux-64     Cached
  + coreutils                           9.1  h166bdaf_0     conda-forge/linux-64     Cached
  + curl                             7.83.1  h2283fc2_0     conda-forge/linux-64     Cached
  + expat                             2.4.8  h27087fc_0     conda-forge/linux-64     Cached
  + font-ttf-dejavu-sans-mono          2.37  hab24e00_0     conda-forge/noarch       Cached
  + font-ttf-inconsolata              3.000  h77eed37_0     conda-forge/noarch       Cached
  + font-ttf-source-code-pro          2.038  h77eed37_0     conda-forge/noarch       Cached
  + font-ttf-ubuntu                    0.83  hab24e00_0     conda-forge/noarch       Cached
  + fontconfig                       2.14.0  h8e229c2_0     conda-forge/linux-64     Cached
  + fonts-conda-ecosystem                 1  0              conda-forge/noarch       Cached
  + fonts-conda-forge                     1  0              conda-forge/noarch       Cached
  + freetype                         2.10.4  h0708190_1     conda-forge/linux-64     Cached
  + gettext                        0.19.8.1  h73d1719_1008  conda-forge/linux-64     Cached
  + giflib                            5.2.1  h36c2ea0_2     conda-forge/linux-64     Cached
  + graphite2                        1.3.13  h58526e2_1001  conda-forge/linux-64     Cached
  + harfbuzz                          4.4.1  hf9f4e7c_0     conda-forge/linux-64     Cached
  + icu                                70.1  h27087fc_0     conda-forge/linux-64     Cached
  + jpeg                                 9e  h166bdaf_2     conda-forge/linux-64     Cached
  + keyutils                          1.6.1  h166bdaf_0     conda-forge/linux-64     Cached
  + krb5                             1.19.3  h08a2579_0     conda-forge/linux-64     Cached
  + lcms2                              2.12  hddcbb42_0     conda-forge/linux-64     Cached
  + lerc                                3.0  h9c3ff4c_0     conda-forge/linux-64     Cached
  + libcups                           2.3.3  hf5a7f15_1     conda-forge/linux-64     Cached
  + libcurl                          7.83.1  h2283fc2_0     conda-forge/linux-64     Cached
  + libdeflate                         1.12  h166bdaf_0     conda-forge/linux-64     Cached
  + libedit                    3.1.20191231  he28a2e2_2     conda-forge/linux-64     Cached
  + libev                              4.33  h516909a_1     conda-forge/linux-64     Cached
  + libffi                            3.4.2  h7f98852_5     conda-forge/linux-64     Cached
  + libgcc-ng                        12.1.0  h8d9b700_16    conda-forge/linux-64     Cached
  + libglib                          2.72.1  h2d90d5f_0     conda-forge/linux-64     Cached
  + libgomp                          12.1.0  h8d9b700_16    conda-forge/linux-64     Cached
  + libiconv                           1.16  h516909a_0     conda-forge/linux-64     Cached
  + libnghttp2                       1.47.0  he49606f_0     conda-forge/linux-64     Cached
  + libpng                           1.6.37  h753d276_3     conda-forge/linux-64     Cached
  + libssh2                          1.10.0  ha35d2d1_2     conda-forge/linux-64     Cached
  + libstdcxx-ng                     12.1.0  ha89aaad_16    conda-forge/linux-64     Cached
  + libtiff                           4.4.0  hc85c160_1     conda-forge/linux-64     Cached
  + libuuid                          2.32.1  h7f98852_1000  conda-forge/linux-64     Cached
  + libwebp-base                      1.2.3  h166bdaf_0     conda-forge/linux-64     Cached
  + libxcb                             1.13  h7f98852_1004  conda-forge/linux-64     Cached
  + libzlib                          1.2.12  h166bdaf_2     conda-forge/linux-64     Cached
  + lz4-c                             1.9.3  h9c3ff4c_1     conda-forge/linux-64     Cached
  + ncurses                             6.3  h27087fc_1     conda-forge/linux-64     Cached
  + nextflow                        22.04.0  h4a94de4_0     bioconda/noarch          Cached
  + openjdk                         11.0.15  hc6918da_0     conda-forge/linux-64     Cached
  + openssl                           3.0.5  h166bdaf_0     conda-forge/linux-64     Cached
  + pcre                               8.45  h9c3ff4c_0     conda-forge/linux-64     Cached
  + pixman                           0.40.0  h36c2ea0_0     conda-forge/linux-64     Cached
  + pthread-stubs                       0.4  h36c2ea0_1001  conda-forge/linux-64     Cached
  + xorg-fixesproto                     5.0  h7f98852_1002  conda-forge/linux-64     Cached
  + xorg-inputproto                   2.3.2  h7f98852_1002  conda-forge/linux-64     Cached
  + xorg-kbproto                      1.0.7  h7f98852_1002  conda-forge/linux-64     Cached
  + xorg-libice                      1.0.10  h7f98852_0     conda-forge/linux-64     Cached
  + xorg-libsm                        1.2.3  hd9c2040_1000  conda-forge/linux-64     Cached
  + xorg-libx11                       1.7.2  h7f98852_0     conda-forge/linux-64     Cached
  + xorg-libxau                       1.0.9  h7f98852_0     conda-forge/linux-64     Cached
  + xorg-libxdmcp                     1.1.3  h7f98852_0     conda-forge/linux-64     Cached
  + xorg-libxext                      1.3.4  h7f98852_1     conda-forge/linux-64     Cached
  + xorg-libxfixes                    5.0.3  h7f98852_1004  conda-forge/linux-64     Cached
  + xorg-libxi                       1.7.10  h7f98852_0     conda-forge/linux-64     Cached
  + xorg-libxrender                  0.9.10  h7f98852_1003  conda-forge/linux-64     Cached
  + xorg-libxtst                      1.2.3  h7f98852_1002  conda-forge/linux-64     Cached
  + xorg-recordproto                 1.14.2  h7f98852_1002  conda-forge/linux-64     Cached
  + xorg-renderproto                 0.11.1  h7f98852_1002  conda-forge/linux-64     Cached
  + xorg-xextproto                    7.3.0  h7f98852_1002  conda-forge/linux-64     Cached
  + xorg-xproto                      7.0.31  h7f98852_1007  conda-forge/linux-64     Cached
  + xz                                5.2.5  h516909a_1     conda-forge/linux-64     Cached
  + zlib                             1.2.12  h166bdaf_2     conda-forge/linux-64     Cached
  + zstd                              1.5.2  h8a70e8d_2     conda-forge/linux-64     Cached

  Summary:

  Install: 74 packages

  Total download: 0 B

─────────────────────────────────────────────────────────────────────────────────────────────



Looking for: ['nextflow=22.04.0']


Preparing transaction: ...working... done
Verifying transaction: ...working... done
Executing transaction: ...working... 